<?xml version="1.0" encoding="UTF-8"?>
<robot generator="Robot 6.1 (Python 3.11.4 on darwin)" generated="20231011 17:30:42.269" rpa="false" schemaversion="4">
<suite id="s1" name="Pasando" source="/Users/josefranciscobahenajavier/Development/robot-scripts/variable - pasando a keywords/Tests/pasando.robot">
<test id="s1-t1" name="El usuario puede buscar producto" line="6">
<kw name="Set Variable" library="BuiltIn">
<var>@{url_y_navegador}</var>
<arg>https://www.google.com/</arg>
<arg>chrome</arg>
<doc>Returns the given values which can then be assigned to a variables.</doc>
<msg timestamp="20231011 17:30:42.677" level="INFO">@{url_y_navegador} = [ https://www.google.com/ | chrome ]</msg>
<status status="PASS" starttime="20231011 17:30:42.677" endtime="20231011 17:30:42.677"/>
</kw>
<kw name="comenzar la prueba web">
<arg>${url_y_navegador}</arg>
<kw name="Open Browser" library="SeleniumLibrary">
<arg>${url_y_navegador}[0]</arg>
<arg>${url_y_navegador}[1]</arg>
<doc>Opens a new browser instance to the optional ``url``.</doc>
<msg timestamp="20231011 17:30:42.679" level="INFO">Opening browser 'chrome' to base url 'https://www.google.com/'.</msg>
<status status="PASS" starttime="20231011 17:30:42.678" endtime="20231011 17:30:50.286"/>
</kw>
<kw name="Close Browser" library="SeleniumLibrary">
<doc>Closes the current browser.</doc>
<status status="PASS" starttime="20231011 17:30:50.288" endtime="20231011 17:30:50.685"/>
</kw>
<status status="PASS" starttime="20231011 17:30:42.677" endtime="20231011 17:30:50.687"/>
</kw>
<status status="PASS" starttime="20231011 17:30:42.676" endtime="20231011 17:30:50.692"/>
</test>
<status status="PASS" starttime="20231011 17:30:42.271" endtime="20231011 17:30:50.698"/>
</suite>
<statistics>
<total>
<stat pass="1" fail="0" skip="0">All Tests</stat>
</total>
<tag>
</tag>
<suite>
<stat pass="1" fail="0" skip="0" id="s1" name="Pasando">Pasando</stat>
</suite>
</statistics>
<errors>
</errors>
</robot>
