<?xml version="1.0" encoding="UTF-8"?>
<robot generator="Robot 6.1 (Python 3.11.4 on darwin)" generated="20231012 19:06:39.707" rpa="false" schemaversion="4">
<suite id="s1" name="Crm" source="/Users/josefranciscobahenajavier/Development/robot-scripts/crm/Tests/crm.robot">
<test id="s1-t1" name="Debería ser capaz de agregar nuevo cliente." line="17">
<kw name="Comenzar prueba" library="Common" type="SETUP">
<kw name="Set Selenium Timeout" library="SeleniumLibrary">
<arg>10s</arg>
<doc>Sets the timeout that is used by various keywords.</doc>
<status status="PASS" starttime="20231012 19:06:40.358" endtime="20231012 19:06:40.359"/>
</kw>
<kw name="Open Browser" library="SeleniumLibrary">
<arg>about:blank</arg>
<arg>${NAVEGADOR}</arg>
<doc>Opens a new browser instance to the optional ``url``.</doc>
<msg timestamp="20231012 19:06:40.360" level="INFO">Opening browser 'chrome' to base url 'about:blank'.</msg>
<status status="PASS" starttime="20231012 19:06:40.359" endtime="20231012 19:06:59.568"/>
</kw>
<kw name="Set Window Size" library="SeleniumLibrary">
<arg>width=1280</arg>
<arg>height=720</arg>
<doc>Sets current windows size to given ``width`` and ``height``.</doc>
<status status="PASS" starttime="20231012 19:06:59.569" endtime="20231012 19:06:59.686"/>
</kw>
<status status="PASS" starttime="20231012 19:06:40.358" endtime="20231012 19:06:59.686"/>
</kw>
<kw name="ir a pagina de &quot;inicio&quot;" library="CrmApp">
<kw name="Navega a" library="Inicio">
<kw name="Go To" library="SeleniumLibrary">
<arg>${URL}</arg>
<doc>Navigates the current browser window to the provided ``url``.</doc>
<msg timestamp="20231012 19:06:59.688" level="INFO">Opening url 'https://automationplayground.com/crm/'</msg>
<status status="PASS" starttime="20231012 19:06:59.688" endtime="20231012 19:07:01.083"/>
</kw>
<status status="PASS" starttime="20231012 19:06:59.687" endtime="20231012 19:07:01.083"/>
</kw>
<kw name="Verificar pagina cargada" library="Inicio">
<kw name="Wait Until Page Contains" library="SeleniumLibrary">
<arg>${ETIQUETA_ENCABEZADO_INICIO}</arg>
<doc>Waits until ``text`` appears on the current page.</doc>
<status status="PASS" starttime="20231012 19:07:01.083" endtime="20231012 19:07:01.109"/>
</kw>
<status status="PASS" starttime="20231012 19:07:01.083" endtime="20231012 19:07:01.109"/>
</kw>
<status status="PASS" starttime="20231012 19:06:59.686" endtime="20231012 19:07:01.109"/>
</kw>
<kw name="inicio sesion credenciales validas" library="CrmApp">
<arg>${LOGIN_EMAIL_VALIDO}</arg>
<arg>${LOGIN_CONTRASEÑA_VALIDO}</arg>
<kw name="Clic &quot;inicio de sesion&quot; link" library="NavegacionSuperior">
<kw name="Click Link" library="SeleniumLibrary">
<arg>${NAVEGAR_INICIO_SESION}</arg>
<doc>Clicks a link identified by ``locator``.</doc>
<msg timestamp="20231012 19:07:01.111" level="INFO">Clicking link 'id=SignIn'.</msg>
<status status="PASS" starttime="20231012 19:07:01.110" endtime="20231012 19:07:01.455"/>
</kw>
<status status="PASS" starttime="20231012 19:07:01.110" endtime="20231012 19:07:01.455"/>
</kw>
<kw name="Verificar pagina cargada inicio sesion" library="InicioSesion">
<kw name="Wait Until Page Contains" library="SeleniumLibrary">
<arg>${ENCABZADO}</arg>
<doc>Waits until ``text`` appears on the current page.</doc>
<status status="PASS" starttime="20231012 19:07:01.455" endtime="20231012 19:07:01.491"/>
</kw>
<status status="PASS" starttime="20231012 19:07:01.455" endtime="20231012 19:07:01.491"/>
</kw>
<kw name="credenciales validas" library="InicioSesion">
<arg>${email}</arg>
<arg>${conraseña}</arg>
<kw name="llenar el campo &quot;email&quot;" library="InicioSesion">
<arg>${email}</arg>
<kw name="Input Text" library="SeleniumLibrary">
<arg>${CORREO_TEXBOX}</arg>
<arg>${email}</arg>
<doc>Types the given ``text`` into the text field identified by ``locator``.</doc>
<msg timestamp="20231012 19:07:01.494" level="INFO">Typing text 'admin@robotframeworktutorial.com' into text field 'id=email-id'.</msg>
<status status="PASS" starttime="20231012 19:07:01.493" endtime="20231012 19:07:01.934"/>
</kw>
<status status="PASS" starttime="20231012 19:07:01.493" endtime="20231012 19:07:01.934"/>
</kw>
<kw name="llenar el campo &quot;contrasña&quot;" library="InicioSesion">
<arg>${conraseña}</arg>
<kw name="Input Text" library="SeleniumLibrary">
<arg>${CONTRASEÑA_TEXBOX}</arg>
<arg>${conraseña}</arg>
<doc>Types the given ``text`` into the text field identified by ``locator``.</doc>
<msg timestamp="20231012 19:07:01.935" level="INFO">Typing text 'qwe' into text field 'id=password'.</msg>
<status status="PASS" starttime="20231012 19:07:01.934" endtime="20231012 19:07:02.103"/>
</kw>
<status status="PASS" starttime="20231012 19:07:01.934" endtime="20231012 19:07:02.103"/>
</kw>
<kw name="click &quot;submit button" library="InicioSesion">
<kw name="Click Button" library="SeleniumLibrary">
<arg>${SUBMIT_BUTTON}</arg>
<doc>Clicks the button identified by ``locator``.</doc>
<msg timestamp="20231012 19:07:02.105" level="INFO">Clicking button 'id=submit-id'.</msg>
<status status="PASS" starttime="20231012 19:07:02.104" endtime="20231012 19:07:02.366"/>
</kw>
<status status="PASS" starttime="20231012 19:07:02.103" endtime="20231012 19:07:02.366"/>
</kw>
<status status="PASS" starttime="20231012 19:07:01.492" endtime="20231012 19:07:02.366"/>
</kw>
<kw name="Verificar pagina cargada cliente" library="Clientes">
<kw name="Wait Until Page Contains" library="SeleniumLibrary">
<arg>${ETIQUETA_ENCABEZADO_cliente}</arg>
<doc>Waits until ``text`` appears on the current page.</doc>
<status status="PASS" starttime="20231012 19:07:02.367" endtime="20231012 19:07:02.798"/>
</kw>
<status status="PASS" starttime="20231012 19:07:02.366" endtime="20231012 19:07:02.798"/>
</kw>
<status status="PASS" starttime="20231012 19:07:01.110" endtime="20231012 19:07:02.798"/>
</kw>
<kw name="Click Link" library="SeleniumLibrary">
<arg>id=new-customer</arg>
<doc>Clicks a link identified by ``locator``.</doc>
<msg timestamp="20231012 19:07:02.799" level="INFO">Clicking link 'id=new-customer'.</msg>
<status status="PASS" starttime="20231012 19:07:02.798" endtime="20231012 19:07:03.237"/>
</kw>
<kw name="Wait Until Page Contains" library="SeleniumLibrary">
<arg>Add Customer</arg>
<doc>Waits until ``text`` appears on the current page.</doc>
<status status="PASS" starttime="20231012 19:07:03.238" endtime="20231012 19:07:03.257"/>
</kw>
<kw name="Input Text" library="SeleniumLibrary">
<arg>id=EmailAddress</arg>
<arg>america-fran@hotmail.com</arg>
<doc>Types the given ``text`` into the text field identified by ``locator``.</doc>
<msg timestamp="20231012 19:07:03.259" level="INFO">Typing text 'america-fran@hotmail.com' into text field 'id=EmailAddress'.</msg>
<status status="PASS" starttime="20231012 19:07:03.257" endtime="20231012 19:07:03.426"/>
</kw>
<kw name="Input Text" library="SeleniumLibrary">
<arg>id=FirstName</arg>
<arg>francisco</arg>
<doc>Types the given ``text`` into the text field identified by ``locator``.</doc>
<msg timestamp="20231012 19:07:03.427" level="INFO">Typing text 'francisco' into text field 'id=FirstName'.</msg>
<status status="PASS" starttime="20231012 19:07:03.426" endtime="20231012 19:07:03.718"/>
</kw>
<kw name="Input Text" library="SeleniumLibrary">
<arg>id=LastName</arg>
<arg>bahena</arg>
<doc>Types the given ``text`` into the text field identified by ``locator``.</doc>
<msg timestamp="20231012 19:07:03.719" level="INFO">Typing text 'bahena' into text field 'id=LastName'.</msg>
<status status="PASS" starttime="20231012 19:07:03.718" endtime="20231012 19:07:03.877"/>
</kw>
<kw name="Input Text" library="SeleniumLibrary">
<arg>id=City</arg>
<arg>acayucan</arg>
<doc>Types the given ``text`` into the text field identified by ``locator``.</doc>
<msg timestamp="20231012 19:07:03.878" level="INFO">Typing text 'acayucan' into text field 'id=City'.</msg>
<status status="PASS" starttime="20231012 19:07:03.878" endtime="20231012 19:07:04.038"/>
</kw>
<kw name="Select From List By Value" library="SeleniumLibrary">
<arg>id=StateOrRegion</arg>
<arg>NM</arg>
<doc>Selects options from selection list ``locator`` by ``values``.</doc>
<msg timestamp="20231012 19:07:04.039" level="INFO">Selecting options from selection list 'id=StateOrRegion' by value NM.</msg>
<status status="PASS" starttime="20231012 19:07:04.038" endtime="20231012 19:07:04.183"/>
</kw>
<kw name="Select Radio Button" library="SeleniumLibrary">
<arg>gender</arg>
<arg>male</arg>
<doc>Sets the radio button group ``group_name`` to ``value``.</doc>
<msg timestamp="20231012 19:07:04.184" level="INFO">Selecting 'male' from radio button 'gender'.</msg>
<status status="PASS" starttime="20231012 19:07:04.184" endtime="20231012 19:07:04.302"/>
</kw>
<kw name="Select Checkbox" library="SeleniumLibrary">
<arg>promos-name</arg>
<doc>Selects the checkbox identified by ``locator``.</doc>
<msg timestamp="20231012 19:07:04.303" level="INFO">Selecting checkbox 'promos-name'.</msg>
<status status="PASS" starttime="20231012 19:07:04.302" endtime="20231012 19:07:04.384"/>
</kw>
<kw name="Click Button" library="SeleniumLibrary">
<arg>Submit</arg>
<doc>Clicks the button identified by ``locator``.</doc>
<msg timestamp="20231012 19:07:04.385" level="INFO">Clicking button 'Submit'.</msg>
<status status="PASS" starttime="20231012 19:07:04.384" endtime="20231012 19:07:04.589"/>
</kw>
<kw name="Wait Until Page Contains" library="SeleniumLibrary">
<arg>Success! New customer added.</arg>
<doc>Waits until ``text`` appears on the current page.</doc>
<status status="PASS" starttime="20231012 19:07:04.589" endtime="20231012 19:07:04.702"/>
</kw>
<kw name="Click Link" library="SeleniumLibrary">
<arg>xpath=/html/body/nav/ul/li/a</arg>
<doc>Clicks a link identified by ``locator``.</doc>
<msg timestamp="20231012 19:07:04.703" level="INFO">Clicking link 'xpath=/html/body/nav/ul/li/a'.</msg>
<status status="PASS" starttime="20231012 19:07:04.702" endtime="20231012 19:07:04.927"/>
</kw>
<kw name="Wait Until Page Contains" library="SeleniumLibrary">
<arg>Signed Out</arg>
<doc>Waits until ``text`` appears on the current page.</doc>
<status status="PASS" starttime="20231012 19:07:04.928" endtime="20231012 19:07:04.949"/>
</kw>
<kw name="Sleep" library="BuiltIn">
<arg>3s</arg>
<doc>Pauses the test executed for the given time.</doc>
<msg timestamp="20231012 19:07:07.950" level="INFO">Slept 3 seconds</msg>
<status status="PASS" starttime="20231012 19:07:04.949" endtime="20231012 19:07:07.950"/>
</kw>
<kw name="Finalizar prueba" library="Common" type="TEARDOWN">
<kw name="Close All Browsers" library="SeleniumLibrary">
<doc>Closes all open browsers and resets the browser cache.</doc>
<status status="PASS" starttime="20231012 19:07:07.951" endtime="20231012 19:07:08.172"/>
</kw>
<status status="PASS" starttime="20231012 19:07:07.950" endtime="20231012 19:07:08.172"/>
</kw>
<doc>Esta es alguna informacion basica del TEST</doc>
<tag>1006</tag>
<tag>Contacts</tag>
<tag>Smoke</tag>
<status status="PASS" starttime="20231012 19:06:40.356" endtime="20231012 19:07:08.172"/>
</test>
<doc>Esta es alguna informacion basica del suite</doc>
<status status="PASS" starttime="20231012 19:06:39.710" endtime="20231012 19:07:08.174"/>
</suite>
<statistics>
<total>
<stat pass="1" fail="0" skip="0">All Tests</stat>
</total>
<tag>
<stat pass="1" fail="0" skip="0">1006</stat>
<stat pass="1" fail="0" skip="0">Contacts</stat>
<stat pass="1" fail="0" skip="0">Smoke</stat>
</tag>
<suite>
<stat pass="1" fail="0" skip="0" id="s1" name="Crm">Crm</stat>
</suite>
</statistics>
<errors>
</errors>
</robot>
