<?xml version="1.0" encoding="UTF-8"?>
<robot generator="Robot 6.1 (Python 3.11.4 on darwin)" generated="20231013 11:22:50.553" rpa="false" schemaversion="4">
<suite id="s1" name="Crm" source="/Users/josefranciscobahenajavier/Development/robot-scripts/crm/Tests/crm.robot">
<test id="s1-t1" name="La página de inicio debería cargarse" line="17">
<kw name="Comenzar prueba" library="Common" type="SETUP">
<kw name="Set Selenium Timeout" library="SeleniumLibrary">
<arg>10s</arg>
<doc>Sets the timeout that is used by various keywords.</doc>
<status status="PASS" starttime="20231013 11:22:51.075" endtime="20231013 11:22:51.075"/>
</kw>
<kw name="Open Browser" library="SeleniumLibrary">
<arg>about:blank</arg>
<arg>${NAVEGADOR}</arg>
<doc>Opens a new browser instance to the optional ``url``.</doc>
<msg timestamp="20231013 11:22:51.076" level="INFO">Opening browser 'chrome' to base url 'about:blank'.</msg>
<status status="PASS" starttime="20231013 11:22:51.076" endtime="20231013 11:22:57.855"/>
</kw>
<kw name="Set Window Size" library="SeleniumLibrary">
<arg>width=1280</arg>
<arg>height=720</arg>
<doc>Sets current windows size to given ``width`` and ``height``.</doc>
<status status="PASS" starttime="20231013 11:22:57.856" endtime="20231013 11:22:57.976"/>
</kw>
<status status="PASS" starttime="20231013 11:22:51.075" endtime="20231013 11:22:57.976"/>
</kw>
<kw name="ir a pagina de &quot;inicio&quot;" library="CrmApp">
<kw name="Navega a" library="Inicio">
<kw name="Go To" library="SeleniumLibrary">
<arg>${URL}</arg>
<doc>Navigates the current browser window to the provided ``url``.</doc>
<msg timestamp="20231013 11:22:57.979" level="INFO">Opening url 'https://automationplayground.com/crm/'</msg>
<status status="PASS" starttime="20231013 11:22:57.978" endtime="20231013 11:22:59.272"/>
</kw>
<status status="PASS" starttime="20231013 11:22:57.978" endtime="20231013 11:22:59.272"/>
</kw>
<kw name="Verificar pagina cargada" library="Inicio">
<kw name="Wait Until Page Contains" library="SeleniumLibrary">
<arg>${ETIQUETA_ENCABEZADO_INICIO}</arg>
<doc>Waits until ``text`` appears on the current page.</doc>
<status status="PASS" starttime="20231013 11:22:59.273" endtime="20231013 11:22:59.316"/>
</kw>
<status status="PASS" starttime="20231013 11:22:59.273" endtime="20231013 11:22:59.316"/>
</kw>
<status status="PASS" starttime="20231013 11:22:57.977" endtime="20231013 11:22:59.316"/>
</kw>
<kw name="Finalizar prueba" library="Common" type="TEARDOWN">
<kw name="Close All Browsers" library="SeleniumLibrary">
<doc>Closes all open browsers and resets the browser cache.</doc>
<status status="PASS" starttime="20231013 11:22:59.316" endtime="20231013 11:22:59.519"/>
</kw>
<status status="PASS" starttime="20231013 11:22:59.316" endtime="20231013 11:22:59.519"/>
</kw>
<doc>Esta es alguna informacion basica del TEST</doc>
<tag>1001</tag>
<tag>Home</tag>
<tag>Smoke</tag>
<status status="PASS" starttime="20231013 11:22:51.074" endtime="20231013 11:22:59.519"/>
</test>
<test id="s1-t2" name="El inicio de sesión debe realizarse correctamente con credenciales válidas" line="23">
<kw name="Comenzar prueba" library="Common" type="SETUP">
<kw name="Set Selenium Timeout" library="SeleniumLibrary">
<arg>10s</arg>
<doc>Sets the timeout that is used by various keywords.</doc>
<status status="PASS" starttime="20231013 11:22:59.522" endtime="20231013 11:22:59.522"/>
</kw>
<kw name="Open Browser" library="SeleniumLibrary">
<arg>about:blank</arg>
<arg>${NAVEGADOR}</arg>
<doc>Opens a new browser instance to the optional ``url``.</doc>
<msg timestamp="20231013 11:22:59.524" level="INFO">Opening browser 'chrome' to base url 'about:blank'.</msg>
<status status="PASS" starttime="20231013 11:22:59.523" endtime="20231013 11:23:02.397"/>
</kw>
<kw name="Set Window Size" library="SeleniumLibrary">
<arg>width=1280</arg>
<arg>height=720</arg>
<doc>Sets current windows size to given ``width`` and ``height``.</doc>
<status status="PASS" starttime="20231013 11:23:02.398" endtime="20231013 11:23:02.513"/>
</kw>
<status status="PASS" starttime="20231013 11:22:59.521" endtime="20231013 11:23:02.514"/>
</kw>
<kw name="ir a pagina de &quot;inicio&quot;" library="CrmApp">
<kw name="Navega a" library="Inicio">
<kw name="Go To" library="SeleniumLibrary">
<arg>${URL}</arg>
<doc>Navigates the current browser window to the provided ``url``.</doc>
<msg timestamp="20231013 11:23:02.516" level="INFO">Opening url 'https://automationplayground.com/crm/'</msg>
<status status="PASS" starttime="20231013 11:23:02.515" endtime="20231013 11:23:03.131"/>
</kw>
<status status="PASS" starttime="20231013 11:23:02.515" endtime="20231013 11:23:03.131"/>
</kw>
<kw name="Verificar pagina cargada" library="Inicio">
<kw name="Wait Until Page Contains" library="SeleniumLibrary">
<arg>${ETIQUETA_ENCABEZADO_INICIO}</arg>
<doc>Waits until ``text`` appears on the current page.</doc>
<status status="PASS" starttime="20231013 11:23:03.131" endtime="20231013 11:23:03.151"/>
</kw>
<status status="PASS" starttime="20231013 11:23:03.131" endtime="20231013 11:23:03.152"/>
</kw>
<status status="PASS" starttime="20231013 11:23:02.514" endtime="20231013 11:23:03.152"/>
</kw>
<kw name="inicio sesion credenciales validas" library="CrmApp">
<arg>${LOGIN_EMAIL_VALIDO}</arg>
<arg>${LOGIN_CONTRASEÑA_VALIDO}</arg>
<kw name="Clic &quot;inicio de sesion&quot; link" library="NavegacionSuperior">
<kw name="Click Link" library="SeleniumLibrary">
<arg>${NAVEGAR_INICIO_SESION}</arg>
<doc>Clicks a link identified by ``locator``.</doc>
<msg timestamp="20231013 11:23:03.157" level="INFO">Clicking link 'id=SignIn'.</msg>
<status status="PASS" starttime="20231013 11:23:03.155" endtime="20231013 11:23:03.581"/>
</kw>
<status status="PASS" starttime="20231013 11:23:03.154" endtime="20231013 11:23:03.582"/>
</kw>
<kw name="Verificar pagina cargada inicio sesion" library="InicioSesion">
<kw name="Wait Until Page Contains" library="SeleniumLibrary">
<arg>${ENCABZADO}</arg>
<doc>Waits until ``text`` appears on the current page.</doc>
<status status="PASS" starttime="20231013 11:23:03.582" endtime="20231013 11:23:03.605"/>
</kw>
<status status="PASS" starttime="20231013 11:23:03.582" endtime="20231013 11:23:03.605"/>
</kw>
<kw name="credenciales validas" library="InicioSesion">
<arg>${email}</arg>
<arg>${conraseña}</arg>
<kw name="llenar el campo &quot;email&quot;" library="InicioSesion">
<arg>${email}</arg>
<kw name="Input Text" library="SeleniumLibrary">
<arg>${CORREO_TEXBOX}</arg>
<arg>${email}</arg>
<doc>Types the given ``text`` into the text field identified by ``locator``.</doc>
<msg timestamp="20231013 11:23:03.607" level="INFO">Typing text 'admin@robotframeworktutorial.com' into text field 'id=email-id'.</msg>
<status status="PASS" starttime="20231013 11:23:03.606" endtime="20231013 11:23:04.132"/>
</kw>
<status status="PASS" starttime="20231013 11:23:03.606" endtime="20231013 11:23:04.132"/>
</kw>
<kw name="llenar el campo &quot;contrasña&quot;" library="InicioSesion">
<arg>${conraseña}</arg>
<kw name="Input Text" library="SeleniumLibrary">
<arg>${CONTRASEÑA_TEXBOX}</arg>
<arg>${conraseña}</arg>
<doc>Types the given ``text`` into the text field identified by ``locator``.</doc>
<msg timestamp="20231013 11:23:04.135" level="INFO">Typing text 'qwe' into text field 'id=password'.</msg>
<status status="PASS" starttime="20231013 11:23:04.134" endtime="20231013 11:23:04.350"/>
</kw>
<status status="PASS" starttime="20231013 11:23:04.132" endtime="20231013 11:23:04.350"/>
</kw>
<kw name="click &quot;submit button" library="InicioSesion">
<kw name="Click Button" library="SeleniumLibrary">
<arg>${SUBMIT_BUTTON}</arg>
<doc>Clicks the button identified by ``locator``.</doc>
<msg timestamp="20231013 11:23:04.352" level="INFO">Clicking button 'id=submit-id'.</msg>
<status status="PASS" starttime="20231013 11:23:04.351" endtime="20231013 11:23:04.591"/>
</kw>
<status status="PASS" starttime="20231013 11:23:04.350" endtime="20231013 11:23:04.592"/>
</kw>
<status status="PASS" starttime="20231013 11:23:03.606" endtime="20231013 11:23:04.592"/>
</kw>
<kw name="Verificar pagina cargada cliente" library="Clientes">
<kw name="Wait Until Page Contains" library="SeleniumLibrary">
<arg>${ETIQUETA_ENCABEZADO_cliente}</arg>
<doc>Waits until ``text`` appears on the current page.</doc>
<status status="PASS" starttime="20231013 11:23:04.592" endtime="20231013 11:23:05.143"/>
</kw>
<status status="PASS" starttime="20231013 11:23:04.592" endtime="20231013 11:23:05.143"/>
</kw>
<status status="PASS" starttime="20231013 11:23:03.153" endtime="20231013 11:23:05.143"/>
</kw>
<kw name="Finalizar prueba" library="Common" type="TEARDOWN">
<kw name="Close All Browsers" library="SeleniumLibrary">
<doc>Closes all open browsers and resets the browser cache.</doc>
<status status="PASS" starttime="20231013 11:23:05.144" endtime="20231013 11:23:05.320"/>
</kw>
<status status="PASS" starttime="20231013 11:23:05.144" endtime="20231013 11:23:05.320"/>
</kw>
<doc>Esta es alguna informacion basica del TEST</doc>
<tag>1002</tag>
<tag>Login</tag>
<tag>Smoke</tag>
<status status="PASS" starttime="20231013 11:22:59.520" endtime="20231013 11:23:05.320"/>
</test>
<test id="s1-t3" name="Debería poder cerrar sesión" line="31">
<kw name="Comenzar prueba" library="Common" type="SETUP">
<kw name="Set Selenium Timeout" library="SeleniumLibrary">
<arg>10s</arg>
<doc>Sets the timeout that is used by various keywords.</doc>
<status status="PASS" starttime="20231013 11:23:05.323" endtime="20231013 11:23:05.323"/>
</kw>
<kw name="Open Browser" library="SeleniumLibrary">
<arg>about:blank</arg>
<arg>${NAVEGADOR}</arg>
<doc>Opens a new browser instance to the optional ``url``.</doc>
<msg timestamp="20231013 11:23:05.324" level="INFO">Opening browser 'chrome' to base url 'about:blank'.</msg>
<status status="PASS" starttime="20231013 11:23:05.324" endtime="20231013 11:23:08.009"/>
</kw>
<kw name="Set Window Size" library="SeleniumLibrary">
<arg>width=1280</arg>
<arg>height=720</arg>
<doc>Sets current windows size to given ``width`` and ``height``.</doc>
<status status="PASS" starttime="20231013 11:23:08.009" endtime="20231013 11:23:08.126"/>
</kw>
<status status="PASS" starttime="20231013 11:23:05.322" endtime="20231013 11:23:08.126"/>
</kw>
<kw name="ir a pagina de &quot;inicio&quot;" library="CrmApp">
<kw name="Navega a" library="Inicio">
<kw name="Go To" library="SeleniumLibrary">
<arg>${URL}</arg>
<doc>Navigates the current browser window to the provided ``url``.</doc>
<msg timestamp="20231013 11:23:08.128" level="INFO">Opening url 'https://automationplayground.com/crm/'</msg>
<status status="PASS" starttime="20231013 11:23:08.128" endtime="20231013 11:23:08.890"/>
</kw>
<status status="PASS" starttime="20231013 11:23:08.127" endtime="20231013 11:23:08.890"/>
</kw>
<kw name="Verificar pagina cargada" library="Inicio">
<kw name="Wait Until Page Contains" library="SeleniumLibrary">
<arg>${ETIQUETA_ENCABEZADO_INICIO}</arg>
<doc>Waits until ``text`` appears on the current page.</doc>
<status status="PASS" starttime="20231013 11:23:08.891" endtime="20231013 11:23:08.909"/>
</kw>
<status status="PASS" starttime="20231013 11:23:08.890" endtime="20231013 11:23:08.909"/>
</kw>
<status status="PASS" starttime="20231013 11:23:08.127" endtime="20231013 11:23:08.909"/>
</kw>
<kw name="inicio sesion credenciales validas" library="CrmApp">
<arg>${LOGIN_EMAIL_VALIDO}</arg>
<arg>${LOGIN_CONTRASEÑA_VALIDO}</arg>
<kw name="Clic &quot;inicio de sesion&quot; link" library="NavegacionSuperior">
<kw name="Click Link" library="SeleniumLibrary">
<arg>${NAVEGAR_INICIO_SESION}</arg>
<doc>Clicks a link identified by ``locator``.</doc>
<msg timestamp="20231013 11:23:08.911" level="INFO">Clicking link 'id=SignIn'.</msg>
<status status="PASS" starttime="20231013 11:23:08.910" endtime="20231013 11:23:09.240"/>
</kw>
<status status="PASS" starttime="20231013 11:23:08.910" endtime="20231013 11:23:09.240"/>
</kw>
<kw name="Verificar pagina cargada inicio sesion" library="InicioSesion">
<kw name="Wait Until Page Contains" library="SeleniumLibrary">
<arg>${ENCABZADO}</arg>
<doc>Waits until ``text`` appears on the current page.</doc>
<status status="PASS" starttime="20231013 11:23:09.240" endtime="20231013 11:23:09.263"/>
</kw>
<status status="PASS" starttime="20231013 11:23:09.240" endtime="20231013 11:23:09.263"/>
</kw>
<kw name="credenciales validas" library="InicioSesion">
<arg>${email}</arg>
<arg>${conraseña}</arg>
<kw name="llenar el campo &quot;email&quot;" library="InicioSesion">
<arg>${email}</arg>
<kw name="Input Text" library="SeleniumLibrary">
<arg>${CORREO_TEXBOX}</arg>
<arg>${email}</arg>
<doc>Types the given ``text`` into the text field identified by ``locator``.</doc>
<msg timestamp="20231013 11:23:09.265" level="INFO">Typing text 'admin@robotframeworktutorial.com' into text field 'id=email-id'.</msg>
<status status="PASS" starttime="20231013 11:23:09.264" endtime="20231013 11:23:09.639"/>
</kw>
<status status="PASS" starttime="20231013 11:23:09.263" endtime="20231013 11:23:09.639"/>
</kw>
<kw name="llenar el campo &quot;contrasña&quot;" library="InicioSesion">
<arg>${conraseña}</arg>
<kw name="Input Text" library="SeleniumLibrary">
<arg>${CONTRASEÑA_TEXBOX}</arg>
<arg>${conraseña}</arg>
<doc>Types the given ``text`` into the text field identified by ``locator``.</doc>
<msg timestamp="20231013 11:23:09.640" level="INFO">Typing text 'qwe' into text field 'id=password'.</msg>
<status status="PASS" starttime="20231013 11:23:09.640" endtime="20231013 11:23:09.834"/>
</kw>
<status status="PASS" starttime="20231013 11:23:09.639" endtime="20231013 11:23:09.834"/>
</kw>
<kw name="click &quot;submit button" library="InicioSesion">
<kw name="Click Button" library="SeleniumLibrary">
<arg>${SUBMIT_BUTTON}</arg>
<doc>Clicks the button identified by ``locator``.</doc>
<msg timestamp="20231013 11:23:09.835" level="INFO">Clicking button 'id=submit-id'.</msg>
<status status="PASS" starttime="20231013 11:23:09.835" endtime="20231013 11:23:10.137"/>
</kw>
<status status="PASS" starttime="20231013 11:23:09.834" endtime="20231013 11:23:10.137"/>
</kw>
<status status="PASS" starttime="20231013 11:23:09.263" endtime="20231013 11:23:10.137"/>
</kw>
<kw name="Verificar pagina cargada cliente" library="Clientes">
<kw name="Wait Until Page Contains" library="SeleniumLibrary">
<arg>${ETIQUETA_ENCABEZADO_cliente}</arg>
<doc>Waits until ``text`` appears on the current page.</doc>
<status status="PASS" starttime="20231013 11:23:10.138" endtime="20231013 11:23:10.891"/>
</kw>
<status status="PASS" starttime="20231013 11:23:10.138" endtime="20231013 11:23:10.891"/>
</kw>
<status status="PASS" starttime="20231013 11:23:08.909" endtime="20231013 11:23:10.891"/>
</kw>
<kw name="Cerrar sesion" library="CrmApp">
<kw name="Clic &quot;Cerrar sesion&quot;" library="NavegacionSuperior">
<kw name="Click Link" library="SeleniumLibrary">
<arg>${NAVEGAR_CERRAR_SESION}</arg>
<doc>Clicks a link identified by ``locator``.</doc>
<msg timestamp="20231013 11:23:10.893" level="INFO">Clicking link 'xpath=/html/body/nav/ul/li/a'.</msg>
<status status="PASS" starttime="20231013 11:23:10.892" endtime="20231013 11:23:11.142"/>
</kw>
<status status="PASS" starttime="20231013 11:23:10.892" endtime="20231013 11:23:11.142"/>
</kw>
<kw name="Verificar pagina cargada cerrar sesion" library="CerrarSesion">
<kw name="Wait Until Page Contains" library="SeleniumLibrary">
<arg>${VALIDAR_PAGIMA_SESION}</arg>
<doc>Waits until ``text`` appears on the current page.</doc>
<status status="PASS" starttime="20231013 11:23:11.143" endtime="20231013 11:23:11.170"/>
</kw>
<status status="PASS" starttime="20231013 11:23:11.143" endtime="20231013 11:23:11.170"/>
</kw>
<status status="PASS" starttime="20231013 11:23:10.891" endtime="20231013 11:23:11.170"/>
</kw>
<kw name="Finalizar prueba" library="Common" type="TEARDOWN">
<kw name="Close All Browsers" library="SeleniumLibrary">
<doc>Closes all open browsers and resets the browser cache.</doc>
<status status="PASS" starttime="20231013 11:23:11.170" endtime="20231013 11:23:11.342"/>
</kw>
<status status="PASS" starttime="20231013 11:23:11.170" endtime="20231013 11:23:11.342"/>
</kw>
<doc>Esta es alguna informacion basica del TEST</doc>
<tag>1004</tag>
<tag>Login</tag>
<tag>Smoke</tag>
<status status="PASS" starttime="20231013 11:23:05.321" endtime="20231013 11:23:11.342"/>
</test>
<test id="s1-t4" name="Debería ser capaz de agregar nuevo cliente." line="41">
<kw name="Comenzar prueba" library="Common" type="SETUP">
<kw name="Set Selenium Timeout" library="SeleniumLibrary">
<arg>10s</arg>
<doc>Sets the timeout that is used by various keywords.</doc>
<status status="PASS" starttime="20231013 11:23:11.346" endtime="20231013 11:23:11.346"/>
</kw>
<kw name="Open Browser" library="SeleniumLibrary">
<arg>about:blank</arg>
<arg>${NAVEGADOR}</arg>
<doc>Opens a new browser instance to the optional ``url``.</doc>
<msg timestamp="20231013 11:23:11.347" level="INFO">Opening browser 'chrome' to base url 'about:blank'.</msg>
<status status="PASS" starttime="20231013 11:23:11.346" endtime="20231013 11:23:13.919"/>
</kw>
<kw name="Set Window Size" library="SeleniumLibrary">
<arg>width=1280</arg>
<arg>height=720</arg>
<doc>Sets current windows size to given ``width`` and ``height``.</doc>
<status status="PASS" starttime="20231013 11:23:13.919" endtime="20231013 11:23:14.031"/>
</kw>
<status status="PASS" starttime="20231013 11:23:11.345" endtime="20231013 11:23:14.031"/>
</kw>
<kw name="ir a pagina de &quot;inicio&quot;" library="CrmApp">
<kw name="Navega a" library="Inicio">
<kw name="Go To" library="SeleniumLibrary">
<arg>${URL}</arg>
<doc>Navigates the current browser window to the provided ``url``.</doc>
<msg timestamp="20231013 11:23:14.033" level="INFO">Opening url 'https://automationplayground.com/crm/'</msg>
<status status="PASS" starttime="20231013 11:23:14.032" endtime="20231013 11:23:14.813"/>
</kw>
<status status="PASS" starttime="20231013 11:23:14.032" endtime="20231013 11:23:14.813"/>
</kw>
<kw name="Verificar pagina cargada" library="Inicio">
<kw name="Wait Until Page Contains" library="SeleniumLibrary">
<arg>${ETIQUETA_ENCABEZADO_INICIO}</arg>
<doc>Waits until ``text`` appears on the current page.</doc>
<status status="PASS" starttime="20231013 11:23:14.814" endtime="20231013 11:23:14.832"/>
</kw>
<status status="PASS" starttime="20231013 11:23:14.814" endtime="20231013 11:23:14.832"/>
</kw>
<status status="PASS" starttime="20231013 11:23:14.031" endtime="20231013 11:23:14.832"/>
</kw>
<kw name="inicio sesion credenciales validas" library="CrmApp">
<arg>${LOGIN_EMAIL_VALIDO}</arg>
<arg>${LOGIN_CONTRASEÑA_VALIDO}</arg>
<kw name="Clic &quot;inicio de sesion&quot; link" library="NavegacionSuperior">
<kw name="Click Link" library="SeleniumLibrary">
<arg>${NAVEGAR_INICIO_SESION}</arg>
<doc>Clicks a link identified by ``locator``.</doc>
<msg timestamp="20231013 11:23:14.834" level="INFO">Clicking link 'id=SignIn'.</msg>
<status status="PASS" starttime="20231013 11:23:14.833" endtime="20231013 11:23:15.188"/>
</kw>
<status status="PASS" starttime="20231013 11:23:14.833" endtime="20231013 11:23:15.188"/>
</kw>
<kw name="Verificar pagina cargada inicio sesion" library="InicioSesion">
<kw name="Wait Until Page Contains" library="SeleniumLibrary">
<arg>${ENCABZADO}</arg>
<doc>Waits until ``text`` appears on the current page.</doc>
<status status="PASS" starttime="20231013 11:23:15.188" endtime="20231013 11:23:15.213"/>
</kw>
<status status="PASS" starttime="20231013 11:23:15.188" endtime="20231013 11:23:15.213"/>
</kw>
<kw name="credenciales validas" library="InicioSesion">
<arg>${email}</arg>
<arg>${conraseña}</arg>
<kw name="llenar el campo &quot;email&quot;" library="InicioSesion">
<arg>${email}</arg>
<kw name="Input Text" library="SeleniumLibrary">
<arg>${CORREO_TEXBOX}</arg>
<arg>${email}</arg>
<doc>Types the given ``text`` into the text field identified by ``locator``.</doc>
<msg timestamp="20231013 11:23:15.215" level="INFO">Typing text 'admin@robotframeworktutorial.com' into text field 'id=email-id'.</msg>
<status status="PASS" starttime="20231013 11:23:15.214" endtime="20231013 11:23:15.601"/>
</kw>
<status status="PASS" starttime="20231013 11:23:15.214" endtime="20231013 11:23:15.601"/>
</kw>
<kw name="llenar el campo &quot;contrasña&quot;" library="InicioSesion">
<arg>${conraseña}</arg>
<kw name="Input Text" library="SeleniumLibrary">
<arg>${CONTRASEÑA_TEXBOX}</arg>
<arg>${conraseña}</arg>
<doc>Types the given ``text`` into the text field identified by ``locator``.</doc>
<msg timestamp="20231013 11:23:15.602" level="INFO">Typing text 'qwe' into text field 'id=password'.</msg>
<status status="PASS" starttime="20231013 11:23:15.601" endtime="20231013 11:23:15.808"/>
</kw>
<status status="PASS" starttime="20231013 11:23:15.601" endtime="20231013 11:23:15.808"/>
</kw>
<kw name="click &quot;submit button" library="InicioSesion">
<kw name="Click Button" library="SeleniumLibrary">
<arg>${SUBMIT_BUTTON}</arg>
<doc>Clicks the button identified by ``locator``.</doc>
<msg timestamp="20231013 11:23:15.810" level="INFO">Clicking button 'id=submit-id'.</msg>
<status status="PASS" starttime="20231013 11:23:15.809" endtime="20231013 11:23:16.023"/>
</kw>
<status status="PASS" starttime="20231013 11:23:15.808" endtime="20231013 11:23:16.023"/>
</kw>
<status status="PASS" starttime="20231013 11:23:15.213" endtime="20231013 11:23:16.023"/>
</kw>
<kw name="Verificar pagina cargada cliente" library="Clientes">
<kw name="Wait Until Page Contains" library="SeleniumLibrary">
<arg>${ETIQUETA_ENCABEZADO_cliente}</arg>
<doc>Waits until ``text`` appears on the current page.</doc>
<status status="PASS" starttime="20231013 11:23:16.024" endtime="20231013 11:23:16.590"/>
</kw>
<status status="PASS" starttime="20231013 11:23:16.024" endtime="20231013 11:23:16.590"/>
</kw>
<status status="PASS" starttime="20231013 11:23:14.832" endtime="20231013 11:23:16.590"/>
</kw>
<kw name="Agregar nuevo cliente" library="CrmApp">
<kw name="click agregar cliente" library="Clientes">
<kw name="Click Link" library="SeleniumLibrary">
<arg>${CLICK_BOTON_AÑADIR_CLIENTE}</arg>
<doc>Clicks a link identified by ``locator``.</doc>
<msg timestamp="20231013 11:23:16.592" level="INFO">Clicking link 'id=new-customer'.</msg>
<status status="PASS" starttime="20231013 11:23:16.591" endtime="20231013 11:23:17.326"/>
</kw>
<status status="PASS" starttime="20231013 11:23:16.591" endtime="20231013 11:23:17.326"/>
</kw>
<kw name="Verificar pagina cargada cliente" library="AñadirCliente">
<kw name="Wait Until Page Contains" library="SeleniumLibrary">
<arg>${ETIQUETA_ENCABEZADO_AÑADIR_CLIENTE}</arg>
<doc>Waits until ``text`` appears on the current page.</doc>
<status status="PASS" starttime="20231013 11:23:17.327" endtime="20231013 11:23:17.344"/>
</kw>
<status status="PASS" starttime="20231013 11:23:17.326" endtime="20231013 11:23:17.344"/>
</kw>
<kw name="Agregar nuevo cliente" library="AñadirCliente">
<kw name="llenar los campos del cliente" library="AñadirCliente">
<kw name="Input Text" library="SeleniumLibrary">
<arg>${TEXT_EMAIL}</arg>
<arg>america-fran@hotmail.com</arg>
<doc>Types the given ``text`` into the text field identified by ``locator``.</doc>
<msg timestamp="20231013 11:23:17.346" level="INFO">Typing text 'america-fran@hotmail.com' into text field 'id=EmailAddress'.</msg>
<status status="PASS" starttime="20231013 11:23:17.345" endtime="20231013 11:23:17.518"/>
</kw>
<kw name="Input Text" library="SeleniumLibrary">
<arg>${TEXT_PRIMER_NOMBRE}</arg>
<arg>francisco</arg>
<doc>Types the given ``text`` into the text field identified by ``locator``.</doc>
<msg timestamp="20231013 11:23:17.520" level="INFO">Typing text 'francisco' into text field 'id=FirstName'.</msg>
<status status="PASS" starttime="20231013 11:23:17.519" endtime="20231013 11:23:17.732"/>
</kw>
<kw name="Input Text" library="SeleniumLibrary">
<arg>${TEXT_APELLIDOS}</arg>
<arg>bahena</arg>
<doc>Types the given ``text`` into the text field identified by ``locator``.</doc>
<msg timestamp="20231013 11:23:17.733" level="INFO">Typing text 'bahena' into text field 'id=LastName'.</msg>
<status status="PASS" starttime="20231013 11:23:17.732" endtime="20231013 11:23:17.871"/>
</kw>
<kw name="Input Text" library="SeleniumLibrary">
<arg>${TEXT_CIUDAD}</arg>
<arg>acayucan</arg>
<doc>Types the given ``text`` into the text field identified by ``locator``.</doc>
<msg timestamp="20231013 11:23:17.872" level="INFO">Typing text 'acayucan' into text field 'id=City'.</msg>
<status status="PASS" starttime="20231013 11:23:17.871" endtime="20231013 11:23:18.027"/>
</kw>
<kw name="Select From List By Value" library="SeleniumLibrary">
<arg>${SELECT_LISTA_ESTADO}</arg>
<arg>NM</arg>
<doc>Selects options from selection list ``locator`` by ``values``.</doc>
<msg timestamp="20231013 11:23:18.028" level="INFO">Selecting options from selection list 'id=StateOrRegion' by value NM.</msg>
<status status="PASS" starttime="20231013 11:23:18.027" endtime="20231013 11:23:18.171"/>
</kw>
<kw name="Select Radio Button" library="SeleniumLibrary">
<arg>${SELECT_ERADIO_GENERO}</arg>
<arg>male</arg>
<doc>Sets the radio button group ``group_name`` to ``value``.</doc>
<msg timestamp="20231013 11:23:18.171" level="INFO">Selecting 'male' from radio button 'gender'.</msg>
<status status="PASS" starttime="20231013 11:23:18.171" endtime="20231013 11:23:18.322"/>
</kw>
<kw name="Select Checkbox" library="SeleniumLibrary">
<arg>${SELECT_CHECK_BOX}</arg>
<doc>Selects the checkbox identified by ``locator``.</doc>
<msg timestamp="20231013 11:23:18.323" level="INFO">Selecting checkbox 'name=promos-name'.</msg>
<status status="PASS" starttime="20231013 11:23:18.322" endtime="20231013 11:23:18.563"/>
</kw>
<status status="PASS" starttime="20231013 11:23:17.345" endtime="20231013 11:23:18.563"/>
</kw>
<kw name="click en el boton submit" library="AñadirCliente">
<kw name="Click Button" library="SeleniumLibrary">
<arg>${CLICK_BOTON_SUBMIT}</arg>
<doc>Clicks the button identified by ``locator``.</doc>
<msg timestamp="20231013 11:23:18.564" level="INFO">Clicking button 'Submit'.</msg>
<status status="PASS" starttime="20231013 11:23:18.563" endtime="20231013 11:23:18.912"/>
</kw>
<status status="PASS" starttime="20231013 11:23:18.563" endtime="20231013 11:23:18.912"/>
</kw>
<status status="PASS" starttime="20231013 11:23:17.344" endtime="20231013 11:23:18.912"/>
</kw>
<kw name="verificar pagina cargada cliente se registro con exito" library="Clientes">
<kw name="Wait Until Page Contains" library="SeleniumLibrary">
<arg>${ETIQUETA_ENCABEZADO_CLIENTE_REGISTRADO_CON_EXITO}</arg>
<doc>Waits until ``text`` appears on the current page.</doc>
<status status="PASS" starttime="20231013 11:23:18.913" endtime="20231013 11:23:18.932"/>
</kw>
<status status="PASS" starttime="20231013 11:23:18.913" endtime="20231013 11:23:18.932"/>
</kw>
<status status="PASS" starttime="20231013 11:23:16.590" endtime="20231013 11:23:18.932"/>
</kw>
<kw name="Cerrar sesion" library="CrmApp">
<kw name="Clic &quot;Cerrar sesion&quot;" library="NavegacionSuperior">
<kw name="Click Link" library="SeleniumLibrary">
<arg>${NAVEGAR_CERRAR_SESION}</arg>
<doc>Clicks a link identified by ``locator``.</doc>
<msg timestamp="20231013 11:23:18.934" level="INFO">Clicking link 'xpath=/html/body/nav/ul/li/a'.</msg>
<status status="PASS" starttime="20231013 11:23:18.933" endtime="20231013 11:23:19.162"/>
</kw>
<status status="PASS" starttime="20231013 11:23:18.933" endtime="20231013 11:23:19.162"/>
</kw>
<kw name="Verificar pagina cargada cerrar sesion" library="CerrarSesion">
<kw name="Wait Until Page Contains" library="SeleniumLibrary">
<arg>${VALIDAR_PAGIMA_SESION}</arg>
<doc>Waits until ``text`` appears on the current page.</doc>
<status status="PASS" starttime="20231013 11:23:19.163" endtime="20231013 11:23:19.184"/>
</kw>
<status status="PASS" starttime="20231013 11:23:19.163" endtime="20231013 11:23:19.184"/>
</kw>
<status status="PASS" starttime="20231013 11:23:18.932" endtime="20231013 11:23:19.184"/>
</kw>
<kw name="Finalizar prueba" library="Common" type="TEARDOWN">
<kw name="Close All Browsers" library="SeleniumLibrary">
<doc>Closes all open browsers and resets the browser cache.</doc>
<status status="PASS" starttime="20231013 11:23:19.185" endtime="20231013 11:23:19.358"/>
</kw>
<status status="PASS" starttime="20231013 11:23:19.184" endtime="20231013 11:23:19.358"/>
</kw>
<doc>Esta es alguna informacion basica del TEST</doc>
<tag>1006</tag>
<tag>Contacts</tag>
<tag>Smoke</tag>
<status status="PASS" starttime="20231013 11:23:11.344" endtime="20231013 11:23:19.358"/>
</test>
<doc>Esta es alguna informacion basica del suite</doc>
<status status="PASS" starttime="20231013 11:22:50.556" endtime="20231013 11:23:19.360"/>
</suite>
<statistics>
<total>
<stat pass="4" fail="0" skip="0">All Tests</stat>
</total>
<tag>
<stat pass="1" fail="0" skip="0">1001</stat>
<stat pass="1" fail="0" skip="0">1002</stat>
<stat pass="1" fail="0" skip="0">1004</stat>
<stat pass="1" fail="0" skip="0">1006</stat>
<stat pass="1" fail="0" skip="0">Contacts</stat>
<stat pass="1" fail="0" skip="0">Home</stat>
<stat pass="2" fail="0" skip="0">Login</stat>
<stat pass="4" fail="0" skip="0">Smoke</stat>
</tag>
<suite>
<stat pass="4" fail="0" skip="0" id="s1" name="Crm">Crm</stat>
</suite>
</statistics>
<errors>
</errors>
</robot>
